2025-04-07 22:40:41,671 - INFO - Запуск системы для student_id=5
2025-04-07 22:40:43,310 - INFO - Выбран гибридный подход
2025-04-07 22:40:43,337 - INFO - Гибридных рекомендаций получено: 260
2025-04-07 22:43:45,396 - INFO - Запуск системы для student_id=5, режим=hybrid
2025-04-07 22:43:45,443 - INFO - Гибридных рекомендаций получено: 260
2025-04-07 22:44:07,641 - INFO - Запуск системы для student_id=5, режим=hybrid
2025-04-07 22:44:07,667 - INFO - Гибридных рекомендаций получено: 260
2025-04-07 22:44:07,671 - INFO - Рекомендации сохранены в recs_5.csv
2025-04-07 23:11:21,556 - INFO - Запуск системы для student_id=5, режим=hybrid
2025-04-07 23:11:21,719 - INFO - Гибридных рекомендаций получено: 664
2025-04-07 23:11:21,726 - INFO - Рекомендации сохранены в recs_5.csv
2025-04-14 09:56:58,940 - INFO - Запуск системы для student_id=201, режим=content
2025-04-14 09:56:59,105 - INFO - Content-Based: получено рекомендаций: 673
2025-04-14 09:57:21,288 - INFO - Запуск системы для student_id=202, режим=hybrid
2025-04-14 09:57:21,457 - INFO - Гибридных рекомендаций получено: 673
2025-04-14 09:57:32,237 - INFO - Запуск системы для student_id=202, режим=content
2025-04-14 09:57:32,388 - INFO - Content-Based: получено рекомендаций: 673
2025-04-14 09:58:15,439 - INFO - Запуск системы для student_id=203, режим=collab
2025-04-14 09:58:15,477 - INFO - Collaborative Filtering: получено рекомендаций: 0
2025-04-14 09:58:27,854 - INFO - Запуск системы для student_id=203, режим=hybrid
2025-04-14 09:58:28,014 - INFO - Гибридных рекомендаций получено: 673
2025-04-23 21:56:25,416 - INFO - Запуск системы для student_id=5, режим=content
2025-04-23 21:56:25,573 - INFO - Content-Based: получено рекомендаций: 664
2025-04-23 22:23:51,195 - INFO - Запуск системы для student_id=201, режим=content
2025-04-23 22:23:51,234 - INFO - Content-Based: получено рекомендаций: 5
